D:\KONDOR\STUDIA\PROJECT\JEZYKPROG\2\BAZA_DANYCH\BAZA_DANYCH\DEBUG\BAZA_DANYCH.PCH
D:\KONDOR\STUDIA\PROJECT\JEZYKPROG\2\BAZA_DANYCH\BAZA_DANYCH\DEBUG\STDAFX.OBJ
D:\KONDOR\STUDIA\PROJECT\JEZYKPROG\2\BAZA_DANYCH\BAZA_DANYCH\DEBUG\VC110.PDB
D:\KONDOR\STUDIA\PROJECT\JEZYKPROG\2\BAZA_DANYCH\BAZA_DANYCH\DEBUG\BAZA_DANYCH.OBJ
D:\KONDOR\STUDIA\PROJECT\JEZYKPROG\2\BAZA_DANYCH\DEBUG\BAZA_DANYCH.ILK
D:\KONDOR\STUDIA\PROJECT\JEZYKPROG\2\BAZA_DANYCH\DEBUG\BAZA_DANYCH.EXE
D:\KONDOR\STUDIA\PROJECT\JEZYKPROG\2\BAZA_DANYCH\DEBUG\BAZA_DANYCH.PDB
D:\Kondor\studia\Project\jezykprog\2\baza_danych\baza_danych\Debug\baza_danych.obj
D:\Kondor\studia\Project\jezykprog\2\baza_danych\baza_danych\Debug\stdafx.obj
D:\Kondor\studia\Project\jezykprog\2\baza_danych\baza_danych\Debug\cl.command.1.tlog
D:\Kondor\studia\Project\jezykprog\2\baza_danych\baza_danych\Debug\CL.read.1.tlog
D:\Kondor\studia\Project\jezykprog\2\baza_danych\baza_danych\Debug\CL.write.1.tlog
D:\Kondor\studia\Project\jezykprog\2\baza_danych\baza_danych\Debug\link-cvtres.read.1.tlog
D:\Kondor\studia\Project\jezykprog\2\baza_danych\baza_danych\Debug\link-cvtres.write.1.tlog
D:\Kondor\studia\Project\jezykprog\2\baza_danych\baza_danych\Debug\link-rc.read.1.tlog
D:\Kondor\studia\Project\jezykprog\2\baza_danych\baza_danych\Debug\link-rc.write.1.tlog
D:\Kondor\studia\Project\jezykprog\2\baza_danych\baza_danych\Debug\link.command.1.tlog
D:\Kondor\studia\Project\jezykprog\2\baza_danych\baza_danych\Debug\link.read.1.tlog
D:\Kondor\studia\Project\jezykprog\2\baza_danych\baza_danych\Debug\link.write.1.tlog
D:\Kondor\studia\Project\jezykprog\2\baza_danych\baza_danych\Debug\baza_danych.pch
D:\Kondor\studia\Project\jezykprog\2\baza_danych\baza_danych\Debug\vc110.idb
D:\Kondor\studia\Project\jezykprog\2\baza_danych\baza_danych\Debug\vc110.pdb
D:\Kondor\studia\Project\jezykprog\2\baza_danych\Debug\baza_danych.pdb
D:\Kondor\studia\Project\jezykprog\2\baza_danych\Debug\baza_danych.exe
D:\Kondor\studia\Project\jezykprog\2\baza_danych\Debug\baza_danych.ilk
